2025-07-05 17:40:51 restructure modules
2025-11-25 05:39:45 fix build error
2025-03-18 00:22:10 hotfix applied
2025-07-23 13:08:05 update workflow
2025-09-10 12:02:04 optimize queries
2025-01-08 06:30:57 typo fix
2025-01-19 23:54:28 add integration tests
2025-03-29 03:54:12 initial commit
2025-05-18 09:31:14 fix permission issue
2025-09-25 10:27:56 fix crash issue
2025-02-11 20:40:17 simplify logic
2025-08-21 03:14:05 fix null pointer
2025-09-10 06:31:03 small refactor
2025-06-09 10:02:29 improve security
2025-05-02 15:09:56 add helper function
2025-11-15 05:36:42 fix misconfiguration
2025-04-26 00:23:33 fix encoding issue
2025-09-22 12:19:37 update metadata
2025-07-23 03:49:39 update scripts
2025-12-23 18:58:13 adjust error messages
2025-01-29 08:18:40 update logging
2025-12-08 21:25:52 fix CI errors
2025-12-17 22:16:22 fix typo in docs
2025-01-12 22:12:06 restructure modules
2025-03-31 01:01:24 update API docs
2025-11-16 14:58:22 upgrade dependencies
2025-05-02 06:52:57 fix encoding issue
2025-08-29 16:43:17 update version
2025-02-26 05:07:39 add tests
2025-08-26 12:32:13 add tests
2025-11-06 21:38:46 update CI pipeline
2025-03-25 05:06:43 patch memory leak
2025-02-12 22:02:01 cleanup code
2025-09-21 02:30:39 security patch
2025-08-01 10:34:02 add helper function
2025-05-21 08:28:42 optimize queries
2025-08-04 19:26:13 rollback changes
2025-04-22 01:58:25 adjust timeout
2025-06-08 13:18:05 add logging
2025-08-12 05:29:38 update schema migration
2025-06-14 00:54:39 simplify logic
2025-02-20 03:30:25 hotfix applied
2025-04-29 05:15:09 enhance logging
2025-04-05 08:46:04 update API keys
2025-04-10 22:59:00 minor refactor
2025-05-16 18:38:46 cleanup code
2025-04-22 12:54:40 fix config bug
2025-08-22 18:19:16 improve performance
2025-09-02 10:07:38 add comments
2025-06-22 15:55:05 add example file
2025-08-18 04:52:25 fix encoding issue
2025-02-13 17:31:46 improve performance
2025-10-21 08:50:38 update scripts
2025-07-22 21:42:52 change configuration
2025-05-17 20:25:27 fix null pointer
2025-04-28 19:01:37 optimize queries
2025-11-28 13:47:01 fix config bug
2025-04-30 23:55:52 upgrade dependencies
2025-01-02 11:17:45 refactor tests
2025-06-24 14:30:19 merge branch
2025-12-14 17:30:01 update gitignore
2025-08-07 07:12:12 fix config bug
2025-02-08 12:59:57 fix CI errors
2025-11-28 08:00:49 add fallback
2025-02-20 21:34:39 add sample data
2025-09-12 05:19:45 enhance logging
2025-07-28 02:26:05 fix null pointer
2025-01-02 01:44:29 small refactor
2025-01-29 13:12:55 fix async issue
2025-06-29 14:30:41 adjust validation rules
2025-05-03 07:44:43 update CI pipeline
2025-01-13 14:36:47 fix typo in docs
2025-01-16 22:32:22 improve security
2025-04-04 20:55:02 remove test code
2025-10-11 19:15:42 remove unused code
2025-12-27 01:51:44 add fallback
2025-03-14 12:22:53 update workflow
2025-03-20 02:03:30 fix misconfiguration
